1730116570409	geckodriver	INFO	Listening on 127.0.0.1:60625
1730116573467	mozrunner::runner	INFO	Running command: "C:\\Program Files\\Mozilla Firefox\\firefox.exe" "--marionette" "--remote-debugging-port" "60627" "--remote-allow-hosts" "localhost" "-no-remote" "-profile" "C:\\Users\\Bidhan\\AppData\\Local\\Temp\\rust_mozprofileWO7FRn"
console.warn: services.settings: Ignoring preference override of remote settings server
console.warn: services.settings: Allow by setting MOZ_REMOTE_SETTINGS_DEVTOOLS=1 in the environment
Dynamically enable window occlusion 0
1730116573748	Marionette	INFO	Marionette enabled
1730116573869	Marionette	INFO	Listening on port 60639
WebDriver BiDi listening on ws://127.0.0.1:60627
Read port: 60639
1730116573927	RemoteAgent	WARN	TLS certificate errors will be ignored for this session
JavaScript warning: https://aqicn.org/jscripts-static/leaflet-gl/buildx/prod/map-markers.461b24cb51f7569aeb6e.js, line 2: WebGL context was lost.
1730116583806	Marionette	INFO	Stopped listening on port 60639
Dynamically enable window occlusion 1
1730116793260	geckodriver	INFO	Listening on 127.0.0.1:60834
1730116796324	mozrunner::runner	INFO	Running command: "C:\\Program Files\\Mozilla Firefox\\firefox.exe" "--marionette" "--remote-debugging-port" "60835" "--remote-allow-hosts" "localhost" "-no-remote" "-profile" "C:\\Users\\Bidhan\\AppData\\Local\\Temp\\rust_mozprofile5R3mBe"
console.warn: services.settings: Ignoring preference override of remote settings server
console.warn: services.settings: Allow by setting MOZ_REMOTE_SETTINGS_DEVTOOLS=1 in the environment
Dynamically enable window occlusion 0
1730116796582	Marionette	INFO	Marionette enabled
1730116796688	Marionette	INFO	Listening on port 60843
WebDriver BiDi listening on ws://127.0.0.1:60835
Read port: 60843
1730116796793	RemoteAgent	WARN	TLS certificate errors will be ignored for this session
JavaScript warning: https://aqicn.org/jscripts-static/leaflet-gl/buildx/prod/map-markers.461b24cb51f7569aeb6e.js, line 2: WebGL context was lost.
JavaScript error: , line 0: uncaught exception: Object
1730117862589	Marionette	INFO	Stopped listening on port 60843
Dynamically enable window occlusion 1
ng command: "C:\\Program Files\\Mozilla Firefox\\firefox.exe" "--marionette" "--remote-debugging-port" "60975" "--remote-allow-hosts" "localhost" "-no-remote" "-profile" "C:\\Users\\Bidhan\\AppData\\Local\\Temp\\rust_mozprofileHgPuIr"
console.warn: services.settings: Ignoring preference override of remote settings server
console.warn: services.settings: Allow by setting MOZ_REMOTE_SETTINGS_DEVTOOLS=1 in the environment
Dynamically enable window occlusion 0
1730116972551	Marionette	INFO	Marionette enabled
1730116972666	Marionette	INFO	Listening on port 60983
WebDriver BiDi listening on ws://127.0.0.1:60975
Read port: 60983
1730116972788	RemoteAgent	WARN	TLS certificate errors will be ignored for this session
JavaScript warning: https://aqicn.org/jscripts-static/leaflet-gl/buildx/prod/map-markers.461b24cb51f7569aeb6e.js, line 2: WebGL context was lost.
JavaScript error: , line 0: uncaught exception: Object
1730117861746	Marionette	INFO	Stopped listening on port 60983
Dynamically enable window occlusion 1
ng command: "C:\\Program Files\\Mozilla Firefox\\firefox.exe" "--marionette" "--remote-debugging-port" "61048" "--remote-allow-hosts" "localhost" "-no-remote" "-profile" "C:\\Users\\Bidhan\\AppData\\Local\\Temp\\rust_mozprofilepBrYli"
console.warn: services.settings: Ignoring preference override of remote settings server
console.warn: services.settings: Allow by setting MOZ_REMOTE_SETTINGS_DEVTOOLS=1 in the environment
Dynamically enable window occlusion 0
1730117012405	Marionette	INFO	Marionette enabled
1730117012522	Marionette	INFO	Listening on port 61056
WebDriver BiDi listening on ws://127.0.0.1:61048
Read port: 61056
1730117012637	RemoteAgent	WARN	TLS certificate errors will be ignored for this session
JavaScript warning: https://aqicn.org/jscripts-static/leaflet-gl/buildx/prod/map-markers.461b24cb51f7569aeb6e.js, line 2: WebGL context was lost.
JavaScript error: , line 0: uncaught exception: Object
1730117860914	Marionette	INFO	Stopped listening on port 61056
Dynamically enable window occlusion 1
1730117869433	geckodriver	INFO	Listening on 127.0.0.1:61546
1730117872486	mozrunner::runner	INFO	Running command: "C:\\Program Files\\Mozilla Firefox\\firefox.exe" "--marionette" "--remote-debugging-port" "61547" "--remote-allow-hosts" "localhost" "-no-remote" "-profile" "C:\\Users\\Bidhan\\AppData\\Local\\Temp\\rust_mozprofileJfIyov"
console.warn: services.settings: Ignoring preference override of remote settings server
console.warn: services.settings: Allow by setting MOZ_REMOTE_SETTINGS_DEVTOOLS=1 in the environment
Dynamically enable window occlusion 0
1730117872800	Marionette	INFO	Marionette enabled
1730117872831	Marionette	INFO	Listening on port 61557
WebDriver BiDi listening on ws://127.0.0.1:61547
Read port: 61557
1730117872933	RemoteAgent	WARN	TLS certificate errors will be ignored for this session
JavaScript warning: https://aqicn.org/jscripts-static/leaflet-gl/buildx/prod/map-markers.461b24cb51f7569aeb6e.js, line 2: WebGL context was lost.
JavaScript error: , line 0: uncaught exception: Object
1730117895326	Marionette	INFO	Stopped listening on port 61557
Dynamically enable window occlusion 1
1730117904075	geckodriver	INFO	Listening on 127.0.0.1:61617
1730117907142	mozrunner::runner	INFO	Running command: "C:\\Program Files\\Mozilla Firefox\\firefox.exe" "--marionette" "--remote-debugging-port" "61618" "--remote-allow-hosts" "localhost" "-no-remote" "-profile" "C:\\Users\\Bidhan\\AppData\\Local\\Temp\\rust_mozprofileL7I6da"
console.warn: services.settings: Ignoring preference override of remote settings server
console.warn: services.settings: Allow by setting MOZ_REMOTE_SETTINGS_DEVTOOLS=1 in the environment
Dynamically enable window occlusion 0
1730117907424	Marionette	INFO	Marionette enabled
1730117907540	Marionette	INFO	Listening on port 61626
WebDriver BiDi listening on ws://127.0.0.1:61618
Read port: 61626
1730117907641	RemoteAgent	WARN	TLS certificate errors will be ignored for this session
JavaScript warning: https://aqicn.org/jscripts-static/leaflet-gl/buildx/prod/map-markers.461b24cb51f7569aeb6e.js, line 2: WebGL context was lost.
JavaScript error: , line 0: uncaught exception: Object
1730117961055	Marionette	INFO	Stopped listening on port 61626
Dynamically enable window occlusion 1
1730117963387	geckodriver	INFO	Listening on 127.0.0.1:61691
1730117966433	mozrunner::runner	INFO	Running command: "C:\\Program Files\\Mozilla Firefox\\firefox.exe" "--marionette" "--remote-debugging-port" "61692" "--remote-allow-hosts" "localhost" "-no-remote" "-profile" "C:\\Users\\Bidhan\\AppData\\Local\\Temp\\rust_mozprofilefi8sIx"
console.warn: services.settings: Ignoring preference override of remote settings server
console.warn: services.settings: Allow by setting MOZ_REMOTE_SETTINGS_DEVTOOLS=1 in the environment
Dynamically enable window occlusion 0
1730117966688	Marionette	INFO	Marionette enabled
1730117966803	Marionette	INFO	Listening on port 61701
WebDriver BiDi listening on ws://127.0.0.1:61692
Read port: 61701
1730117966911	RemoteAgent	WARN	TLS certificate errors will be ignored for this session
JavaScript warning: https://aqicn.org/jscripts-static/leaflet-gl/buildx/prod/map-markers.461b24cb51f7569aeb6e.js, line 2: WebGL context was lost.
JavaScript error: , line 0: uncaught exception: Object
1730117987951	Marionette	INFO	Stopped listening on port 61701
Dynamically enable window occlusion 1
1730118023762	geckodriver	INFO	Listening on 127.0.0.1:61777
1730118026804	mozrunner::runner	INFO	Running command: "C:\\Program Files\\Mozilla Firefox\\firefox.exe" "--marionette" "--remote-debugging-port" "61778" "--remote-allow-hosts" "localhost" "-no-remote" "-profile" "C:\\Users\\Bidhan\\AppData\\Local\\Temp\\rust_mozprofileYjRAjk"
console.warn: services.settings: Ignoring preference override of remote settings server
console.warn: services.settings: Allow by setting MOZ_REMOTE_SETTINGS_DEVTOOLS=1 in the environment
Dynamically enable window occlusion 0
1730118027051	Marionette	INFO	Marionette enabled
1730118027164	Marionette	INFO	Listening on port 61786
WebDriver BiDi listening on ws://127.0.0.1:61778
Read port: 61786
1730118027276	RemoteAgent	WARN	TLS certificate errors will be ignored for this session
JavaScript warning: https://aqicn.org/jscripts-static/leaflet-gl/buildx/prod/map-markers.461b24cb51f7569aeb6e.js, line 2: WebGL context was lost.
JavaScript error: , line 0: uncaught exception: Object
1730118096709	Marionette	INFO	Stopped listening on port 61786
Dynamically enable window occlusion 1
1730118126354	geckodriver	INFO	Listening on 127.0.0.1:61884
1730118129418	mozrunner::runner	INFO	Running command: "C:\\Program Files\\Mozilla Firefox\\firefox.exe" "--marionette" "--remote-debugging-port" "61885" "--remote-allow-hosts" "localhost" "-no-remote" "-profile" "C:\\Users\\Bidhan\\AppData\\Local\\Temp\\rust_mozprofileZUEoOY"
console.warn: services.settings: Ignoring preference override of remote settings server
console.warn: services.settings: Allow by setting MOZ_REMOTE_SETTINGS_DEVTOOLS=1 in the environment
Dynamically enable window occlusion 0
1730118129673	Marionette	INFO	Marionette enabled
1730118129787	Marionette	INFO	Listening on port 61895
WebDriver BiDi listening on ws://127.0.0.1:61885
Read port: 61895
1730118129904	RemoteAgent	WARN	TLS certificate errors will be ignored for this session
JavaScript warning: https://aqicn.org/jscripts-static/leaflet-gl/buildx/prod/map-markers.461b24cb51f7569aeb6e.js, line 2: WebGL context was lost.
JavaScript error: , line 0: uncaught exception: Object
1730118157118	Marionette	INFO	Stopped listening on port 61895
Dynamically enable window occlusion 1
1730118159992	geckodriver	INFO	Listening on 127.0.0.1:61956
1730118163062	mozrunner::runner	INFO	Running command: "C:\\Program Files\\Mozilla Firefox\\firefox.exe" "--marionette" "--remote-debugging-port" "61957" "--remote-allow-hosts" "localhost" "-no-remote" "-profile" "C:\\Users\\Bidhan\\AppData\\Local\\Temp\\rust_mozprofilelDNFsQ"
console.warn: services.settings: Ignoring preference override of remote settings server
console.warn: services.settings: Allow by setting MOZ_REMOTE_SETTINGS_DEVTOOLS=1 in the environment
Dynamically enable window occlusion 0
1730118163320	Marionette	INFO	Marionette enabled
1730118163429	Marionette	INFO	Listening on port 61965
WebDriver BiDi listening on ws://127.0.0.1:61957
Read port: 61965
1730118163551	RemoteAgent	WARN	TLS certificate errors will be ignored for this session
JavaScript warning: https://aqicn.org/jscripts-static/leaflet-gl/buildx/prod/map-markers.461b24cb51f7569aeb6e.js, line 2: WebGL context was lost.
JavaScript error: , line 0: uncaught exception: Object
1730125514500	geckodriver	INFO	Listening on 127.0.0.1:63644
1730125517575	mozrunner::runner	INFO	Running command: "C:\\Program Files\\Mozilla Firefox\\firefox.exe" "--marionette" "--remote-debugging-port" "63645" "--remote-allow-hosts" "localhost" "-no-remote" "-profile" "C:\\Users\\Bidhan\\AppData\\Local\\Temp\\rust_mozprofileCi6nyE"
console.warn: services.settings: Ignoring preference override of remote settings server
console.warn: services.settings: Allow by setting MOZ_REMOTE_SETTINGS_DEVTOOLS=1 in the environment
Dynamically enable window occlusion 0
1730125517929	Marionette	INFO	Marionette enabled
1730125517955	Marionette	INFO	Listening on port 63654
WebDriver BiDi listening on ws://127.0.0.1:63645
Read port: 63654
1730125518030	RemoteAgent	WARN	TLS certificate errors will be ignored for this session
JavaScript warning: https://aqicn.org/jscripts-static/leaflet-gl/buildx/prod/map-markers.461b24cb51f7569aeb6e.js, line 2: WebGL context was lost.
JavaScript warning: https://pagead2.googlesyndication.com/bg/xPLRPop0ZkUwi9v6Bg0zxkruvbAgmdzRAosKZiizNiI.js line 2 > eval line 4610 > eval line 1 > eval line 1 > eval, line 1: WEBGL_debug_renderer_info is deprecated in Firefox and will be removed. Please use RENDERER.
JavaScript warning: https://www.googletagmanager.com/gtag/js?id=G-L36G7LYKDK&cx=c&_slc=1, line 578: Script terminated by timeout at:
h.Th@https://www.googletagmanager.com/gtag/js?id=G-L36G7LYKDK&cx=c&_slc=1:578:487
get@https://www.googletagmanager.com/gtag/js?id=G-L36G7LYKDK&cx=c&_slc=1:577:119
stop@https://www.googletagmanager.com/gtag/js?id=G-L36G7LYKDK&cx=c&_slc=1:577:87
h.kl/c/<@https://www.googletagmanager.com/gtag/js?id=G-L36G7LYKDK&cx=c&_slc=1:577:410

1730126484048	Marionette	INFO	Stopped listening on port 63654
Dynamically enable window occlusion 1
JavaScript error: , line 0: TypeError: NetworkError when attempting to fetch resource.
1730126678597	geckodriver	INFO	Listening on 127.0.0.1:64535
1730126681669	mozrunner::runner	INFO	Running command: "C:\\Program Files\\Mozilla Firefox\\firefox.exe" "--marionette" "--remote-debugging-port" "64536" "--remote-allow-hosts" "localhost" "-no-remote" "-profile" "C:\\Users\\Bidhan\\AppData\\Local\\Temp\\rust_mozprofileYCwpOk"
console.warn: services.settings: Ignoring preference override of remote settings server
console.warn: services.settings: Allow by setting MOZ_REMOTE_SETTINGS_DEVTOOLS=1 in the environment
Dynamically enable window occlusion 0
1730126681966	Marionette	INFO	Marionette enabled
1730126682073	Marionette	INFO	Listening on port 64545
Read port: 64545
WebDriver BiDi listening on ws://127.0.0.1:64536
1730126682137	RemoteAgent	WARN	TLS certificate errors will be ignored for this session
JavaScript warning: https://aqicn.org/jscripts-static/leaflet-gl/buildx/prod/map-markers.461b24cb51f7569aeb6e.js, line 2: WebGL context was lost.
JavaScript warning: https://pagead2.googlesyndication.com/bg/xPLRPop0ZkUwi9v6Bg0zxkruvbAgmdzRAosKZiizNiI.js line 2 > eval line 203 > eval line 1 > eval line 1 > eval, line 1: WEBGL_debug_renderer_info is deprecated in Firefox and will be removed. Please use RENDERER.
1730126910533	geckodriver	INFO	Listening on 127.0.0.1:64804
1730126913602	mozrunner::runner	INFO	Running command: "C:\\Program Files\\Mozilla Firefox\\firefox.exe" "--marionette" "--remote-debugging-port" "64805" "--remote-allow-hosts" "localhost" "-no-remote" "-profile" "C:\\Users\\Bidhan\\AppData\\Local\\Temp\\rust_mozprofileh2gTu8"
console.warn: services.settings: Ignoring preference override of remote settings server
console.warn: services.settings: Allow by setting MOZ_REMOTE_SETTINGS_DEVTOOLS=1 in the environment
Dynamically enable window occlusion 0
1730126914022	Marionette	INFO	Marionette enabled
1730126914211	Marionette	INFO	Listening on port 64815
WebDriver BiDi listening on ws://127.0.0.1:64805
Read port: 64815
1730126914526	RemoteAgent	WARN	TLS certificate errors will be ignored for this session
JavaScript warning: https://aqicn.org/jscripts-static/leaflet-gl/buildx/prod/map-markers.461b24cb51f7569aeb6e.js, line 2: WebGL context was lost.
JavaScript warning: https://pagead2.googlesyndication.com/bg/xPLRPop0ZkUwi9v6Bg0zxkruvbAgmdzRAosKZiizNiI.js line 2 > eval line 717 > eval line 1 > eval line 1 > eval, line 1: WEBGL_debug_renderer_info is deprecated in Firefox and will be removed. Please use RENDERER.
JavaScript warning: https://www.googletagmanager.com/gtag/js?id=G-L36G7LYKDK&cx=c&_slc=1, line 339: Script terminated by timeout at:
Tl@https://www.googletagmanager.com/gtag/js?id=G-L36G7LYKDK&cx=c&_slc=1:339:749
Wm@https://www.googletagmanager.com/gtag/js?id=G-L36G7LYKDK&cx=c&_slc=1:349:720
vI/<@https://www.googletagmanager.com/gtag/js?id=G-L36G7LYKDK&cx=c&_slc=1:636:187
h.kl/<@https://www.googletagmanager.com/gtag/js?id=G-L36G7LYKDK&cx=c&_slc=1:578:126
h.kl/c/<@https://www.googletagmanager.com/gtag/js?id=G-L36G7LYKDK&cx=c&_slc=1:577:418

1730127141334	Marionette	INFO	Stopped listening on port 64815
Dynamically enable window occlusion 1
JavaScript error: , line 0: TypeError: NetworkError when attempting to fetch resource.
1730127142518	geckodriver	INFO	Listening on 127.0.0.1:65049
1730127145584	mozrunner::runner	INFO	Running command: "C:\\Program Files\\Mozilla Firefox\\firefox.exe" "--marionette" "--remote-debugging-port" "65050" "--remote-allow-hosts" "localhost" "-no-remote" "-profile" "C:\\Users\\Bidhan\\AppData\\Local\\Temp\\rust_mozprofilevlac4X"
console.warn: services.settings: Ignoring preference override of remote settings server
console.warn: services.settings: Allow by setting MOZ_REMOTE_SETTINGS_DEVTOOLS=1 in the environment
Dynamically enable window occlusion 0
1730127145862	Marionette	INFO	Marionette enabled
1730127145974	Marionette	INFO	Listening on port 65060
WebDriver BiDi listening on ws://127.0.0.1:65050
Read port: 65060
1730127146082	RemoteAgent	WARN	TLS certificate errors will be ignored for this session
JavaScript warning: https://aqicn.org/jscripts-static/leaflet-gl/buildx/prod/map-markers.461b24cb51f7569aeb6e.js, line 2: WebGL context was lost.
JavaScript warning: https://pagead2.googlesyndication.com/bg/xPLRPop0ZkUwi9v6Bg0zxkruvbAgmdzRAosKZiizNiI.js line 2 > eval line 5258 > eval line 1 > eval line 1 > eval, line 1: WEBGL_debug_renderer_info is deprecated in Firefox and will be removed. Please use RENDERER.
JavaScript warning: https://www.googletagmanager.com/gtag/js?id=G-L36G7LYKDK&cx=c&_slc=1, line 579: Script terminated by timeout at:
h.Th@https://www.googletagmanager.com/gtag/js?id=G-L36G7LYKDK&cx=c&_slc=1:579:30
get@https://www.googletagmanager.com/gtag/js?id=G-L36G7LYKDK&cx=c&_slc=1:577:119
stop@https://www.googletagmanager.com/gtag/js?id=G-L36G7LYKDK&cx=c&_slc=1:577:87
h.kl/c/<@https://www.googletagmanager.com/gtag/js?id=G-L36G7LYKDK&cx=c&_slc=1:577:410

1730127280192	Marionette	INFO	Stopped listening on port 65060
Dynamically enable window occlusion 1
JavaScript error: , line 0: TypeError: NetworkError when attempting to fetch resource.
JavaScript error: , line 0: TypeError: NetworkError when attempting to fetch resource.
7615	RemoteAgent	WARN	TLS certificate errors will be ignored for this session
JavaScript warning: https://aqicn.org/jscripts-static/leaflet-gl/buildx/prod/map-markers.461b24cb51f7569aeb6e.js, line 2: WebGL context was lost.
JavaScript warning: https://pagead2.googlesyndication.com/bg/xPLRPop0ZkUwi9v6Bg0zxkruvbAgmdzRAosKZiizNiI.js line 2 > eval line 3814 > eval line 1 > eval line 1 > eval, line 1: WEBGL_debug_renderer_info is deprecated in Firefox and will be removed. Please use RENDERER.
JavaScript warning: https://www.googletagmanager.com/gtag/js?id=G-L36G7LYKDK&cx=c&_slc=1, line 578: Script terminated by timeout at:
h.Th@https://www.googletagmanager.com/gtag/js?id=G-L36G7LYKDK&cx=c&_slc=1:578:487
get@https://www.googletagmanager.com/gtag/js?id=G-L36G7LYKDK&cx=c&_slc=1:577:119
stop@https://www.googletagmanager.com/gtag/js?id=G-L36G7LYKDK&cx=c&_slc=1:577:87
h.kl/c/<@https://www.googletagmanager.com/gtag/js?id=G-L36G7LYKDK&cx=c&_slc=1:577:410

1730127281053	Marionette	INFO	Stopped listening on port 65245
Dynamically enable window occlusion 1
JavaScript error: , line 0: TypeError: NetworkError when attempting to fetch resource.
1730127285035	geckodriver	INFO	Listening on 127.0.0.1:65334
1730127288104	mozrunner::runner	INFO	Running command: "C:\\Program Files\\Mozilla Firefox\\firefox.exe" "--marionette" "--remote-debugging-port" "65335" "--remote-allow-hosts" "localhost" "-no-remote" "-profile" "C:\\Users\\Bidhan\\AppData\\Local\\Temp\\rust_mozprofileaTe7YL"
console.warn: services.settings: Ignoring preference override of remote settings server
console.warn: services.settings: Allow by setting MOZ_REMOTE_SETTINGS_DEVTOOLS=1 in the environment
Dynamically enable window occlusion 0
1730127288386	Marionette	INFO	Marionette enabled
1730127288489	Marionette	INFO	Listening on port 65344
WebDriver BiDi listening on ws://127.0.0.1:65335
Read port: 65344
1730127288597	RemoteAgent	WARN	TLS certificate errors will be ignored for this session
JavaScript warning: https://aqicn.org/jscripts-static/leaflet-gl/buildx/prod/map-markers.461b24cb51f7569aeb6e.js, line 2: WebGL context was lost.
JavaScript warning: https://pagead2.googlesyndication.com/bg/xPLRPop0ZkUwi9v6Bg0zxkruvbAgmdzRAosKZiizNiI.js line 2 > eval line 1647 > eval line 1 > eval line 1 > eval, line 1: WEBGL_debug_renderer_info is deprecated in Firefox and will be removed. Please use RENDERER.
JavaScript warning: https://aqicn.org/jscripts-static/leaflet-gl/buildx/prod/map-markers.461b24cb51f7569aeb6e.js, line 2: WebGL context was lost.
JavaScript warning: https://pagead2.googlesyndication.com/bg/xPLRPop0ZkUwi9v6Bg0zxkruvbAgmdzRAosKZiizNiI.js line 2 > eval line 5804 > eval line 1 > eval line 1 > eval, line 1: WEBGL_debug_renderer_info is deprecated in Firefox and will be removed. Please use RENDERER.
JavaScript warning: https://www.googletagmanager.com/gtag/js?id=G-L36G7LYKDK&cx=c&_slc=1, line 579: Script terminated by timeout at:
h.Th@https://www.googletagmanager.com/gtag/js?id=G-L36G7LYKDK&cx=c&_slc=1:579:30
get@https://www.googletagmanager.com/gtag/js?id=G-L36G7LYKDK&cx=c&_slc=1:577:119
stop@https://www.googletagmanager.com/gtag/js?id=G-L36G7LYKDK&cx=c&_slc=1:577:87
h.kl/c/<@https://www.googletagmanager.com/gtag/js?id=G-L36G7LYKDK&cx=c&_slc=1:577:410

1730127327279	Marionette	INFO	Stopped listening on port 65344
Dynamically enable window occlusion 1
JavaScript error: , line 0: TypeError: NetworkError when attempting to fetch resource.
1730127360379	geckodriver	INFO	Listening on 127.0.0.1:65484
1730127363427	mozrunner::runner	INFO	Running command: "C:\\Program Files\\Mozilla Firefox\\firefox.exe" "--marionette" "--remote-debugging-port" "65485" "--remote-allow-hosts" "localhost" "-no-remote" "-profile" "C:\\Users\\Bidhan\\AppData\\Local\\Temp\\rust_mozprofileSJdG1q"
console.warn: services.settings: Ignoring preference override of remote settings server
console.warn: services.settings: Allow by setting MOZ_REMOTE_SETTINGS_DEVTOOLS=1 in the environment
Dynamically enable window occlusion 0
1730127363703	Marionette	INFO	Marionette enabled
1730127363816	Marionette	INFO	Listening on port 65495
WebDriver BiDi listening on ws://127.0.0.1:65485
Read port: 65495
1730127363930	RemoteAgent	WARN	TLS certificate errors will be ignored for this session
JavaScript warning: https://aqicn.org/jscripts-static/leaflet-gl/buildx/prod/map-markers.461b24cb51f7569aeb6e.js, line 2: WebGL context was lost.
JavaScript warning: https://pagead2.googlesyndication.com/bg/xPLRPop0ZkUwi9v6Bg0zxkruvbAgmdzRAosKZiizNiI.js line 2 > eval line 3806 > eval line 1 > eval line 1 > eval, line 1: WEBGL_debug_renderer_info is deprecated in Firefox and will be removed. Please use RENDERER.
JavaScript warning: https://www.googletagmanager.com/gtag/js?id=G-L36G7LYKDK&cx=c&_slc=1, line 578: Script terminated by timeout at:
h.Th@https://www.googletagmanager.com/gtag/js?id=G-L36G7LYKDK&cx=c&_slc=1:578:487
get@https://www.googletagmanager.com/gtag/js?id=G-L36G7LYKDK&cx=c&_slc=1:577:119
stop@https://www.googletagmanager.com/gtag/js?id=G-L36G7LYKDK&cx=c&_slc=1:577:87
h.kl/c/<@https://www.googletagmanager.com/gtag/js?id=G-L36G7LYKDK&cx=c&_slc=1:577:410

1730128268668	Marionette	INFO	Stopped listening on port 65495
Dynamically enable window occlusion 1
JavaScript error: , line 0: TypeError: NetworkError when attempting to fetch resource.
ort 49265
WebDriver BiDi listening on ws://127.0.0.1:49255
Read port: 49265
1730127479547	RemoteAgent	WARN	TLS certificate errors will be ignored for this session
JavaScript warning: https://aqicn.org/jscripts-static/leaflet-gl/buildx/prod/map-markers.461b24cb51f7569aeb6e.js, line 2: WebGL context was lost.
JavaScript warning: https://pagead2.googlesyndication.com/bg/xPLRPop0ZkUwi9v6Bg0zxkruvbAgmdzRAosKZiizNiI.js line 2 > eval line 1457 > eval line 1 > eval line 1 > eval, line 1: WEBGL_debug_renderer_info is deprecated in Firefox and will be removed. Please use RENDERER.
JavaScript warning: https://www.googletagmanager.com/gtag/js?id=G-L36G7LYKDK&cx=c&_slc=1, line 578: Script terminated by timeout at:
h.Th@https://www.googletagmanager.com/gtag/js?id=G-L36G7LYKDK&cx=c&_slc=1:578:487
get@https://www.googletagmanager.com/gtag/js?id=G-L36G7LYKDK&cx=c&_slc=1:577:119
stop@https://www.googletagmanager.com/gtag/js?id=G-L36G7LYKDK&cx=c&_slc=1:577:87
h.kl/c/<@https://www.googletagmanager.com/gtag/js?id=G-L36G7LYKDK&cx=c&_slc=1:577:410

1730128267912	Marionette	INFO	Stopped listening on port 49265
Dynamically enable window occlusion 1
JavaScript error: , line 0: TypeError: NetworkError when attempting to fetch resource.
ort 49442
WebDriver BiDi listening on ws://127.0.0.1:49432
Read port: 49442
1730127589084	RemoteAgent	WARN	TLS certificate errors will be ignored for this session
JavaScript warning: https://aqicn.org/jscripts-static/leaflet-gl/buildx/prod/map-markers.461b24cb51f7569aeb6e.js, line 2: WebGL context was lost.
JavaScript warning: https://pagead2.googlesyndication.com/bg/xPLRPop0ZkUwi9v6Bg0zxkruvbAgmdzRAosKZiizNiI.js line 2 > eval line 1206 > eval line 1 > eval line 1 > eval, line 1: WEBGL_debug_renderer_info is deprecated in Firefox and will be removed. Please use RENDERER.
JavaScript warning: https://www.googletagmanager.com/gtag/js?id=G-L36G7LYKDK&cx=c&_slc=1, line 578: Script terminated by timeout at:
h.Th@https://www.googletagmanager.com/gtag/js?id=G-L36G7LYKDK&cx=c&_slc=1:578:487
get@https://www.googletagmanager.com/gtag/js?id=G-L36G7LYKDK&cx=c&_slc=1:577:119
stop@https://www.googletagmanager.com/gtag/js?id=G-L36G7LYKDK&cx=c&_slc=1:577:87
h.kl/c/<@https://www.googletagmanager.com/gtag/js?id=G-L36G7LYKDK&cx=c&_slc=1:577:410

1730128267238	Marionette	INFO	Stopped listening on port 49442
Dynamically enable window occlusion 1
JavaScript error: , line 0: TypeError: NetworkError when attempting to fetch resource.
JavaScript error: , line 0: TypeError: NetworkError when attempting to fetch resource.
234	RemoteAgent	WARN	TLS certificate errors will be ignored for this session
JavaScript warning: https://aqicn.org/jscripts-static/leaflet-gl/buildx/prod/map-markers.461b24cb51f7569aeb6e.js, line 2: WebGL context was lost.
JavaScript warning: https://pagead2.googlesyndication.com/bg/xPLRPop0ZkUwi9v6Bg0zxkruvbAgmdzRAosKZiizNiI.js line 2 > eval line 1692 > eval line 1 > eval line 1 > eval, line 1: WEBGL_debug_renderer_info is deprecated in Firefox and will be removed. Please use RENDERER.
JavaScript warning: https://www.googletagmanager.com/gtag/js?id=G-L36G7LYKDK&cx=c&_slc=1, line 579: Script terminated by timeout at:
h.Th@https://www.googletagmanager.com/gtag/js?id=G-L36G7LYKDK&cx=c&_slc=1:579:30
get@https://www.googletagmanager.com/gtag/js?id=G-L36G7LYKDK&cx=c&_slc=1:577:119
stop@https://www.googletagmanager.com/gtag/js?id=G-L36G7LYKDK&cx=c&_slc=1:577:87
h.kl/c/<@https://www.googletagmanager.com/gtag/js?id=G-L36G7LYKDK&cx=c&_slc=1:577:410

1730128266606	Marionette	INFO	Stopped listening on port 50079
Dynamically enable window occlusion 1
JavaScript error: , line 0: TypeError: NetworkError when attempting to fetch resource.
1730128309022	geckodriver	INFO	Listening on 127.0.0.1:50378
1730128312075	mozrunner::runner	INFO	Running command: "C:\\Program Files\\Mozilla Firefox\\firefox.exe" "--marionette" "--remote-debugging-port" "50379" "--remote-allow-hosts" "localhost" "-no-remote" "-profile" "C:\\Users\\Bidhan\\AppData\\Local\\Temp\\rust_mozprofileA2LlsO"
console.warn: services.settings: Ignoring preference override of remote settings server
console.warn: services.settings: Allow by setting MOZ_REMOTE_SETTINGS_DEVTOOLS=1 in the environment
Dynamically enable window occlusion 0
1730128312348	Marionette	INFO	Marionette enabled
1730128312461	Marionette	INFO	Listening on port 50388
WebDriver BiDi listening on ws://127.0.0.1:50379
Read port: 50388
1730128312571	RemoteAgent	WARN	TLS certificate errors will be ignored for this session
JavaScript warning: https://aqicn.org/jscripts-static/leaflet-gl/buildx/prod/map-markers.461b24cb51f7569aeb6e.js, line 2: WebGL context was lost.
JavaScript warning: https://pagead2.googlesyndication.com/bg/xPLRPop0ZkUwi9v6Bg0zxkruvbAgmdzRAosKZiizNiI.js line 2 > eval line 5272 > eval line 1 > eval line 1 > eval, line 1: WEBGL_debug_renderer_info is deprecated in Firefox and will be removed. Please use RENDERER.
JavaScript warning: https://www.googletagmanager.com/gtag/js?id=G-L36G7LYKDK&cx=c&_slc=1, line 578: Script terminated by timeout at:
h.Th@https://www.googletagmanager.com/gtag/js?id=G-L36G7LYKDK&cx=c&_slc=1:578:487
get@https://www.googletagmanager.com/gtag/js?id=G-L36G7LYKDK&cx=c&_slc=1:577:119
stop@https://www.googletagmanager.com/gtag/js?id=G-L36G7LYKDK&cx=c&_slc=1:577:87
h.kl/c/<@https://www.googletagmanager.com/gtag/js?id=G-L36G7LYKDK&cx=c&_slc=1:577:410

1730128361350	Marionette	INFO	Stopped listening on port 50388
Dynamically enable window occlusion 1
JavaScript error: , line 0: TypeError: NetworkError when attempting to fetch resource.
1730128361888	geckodriver	INFO	Listening on 127.0.0.1:50489
1730128364980	mozrunner::runner	INFO	Running command: "C:\\Program Files\\Mozilla Firefox\\firefox.exe" "--marionette" "--remote-debugging-port" "50490" "--remote-allow-hosts" "localhost" "-no-remote" "-profile" "C:\\Users\\Bidhan\\AppData\\Local\\Temp\\rust_mozprofileDVpK01"
console.warn: services.settings: Ignoring preference override of remote settings server
console.warn: services.settings: Allow by setting MOZ_REMOTE_SETTINGS_DEVTOOLS=1 in the environment
Dynamically enable window occlusion 0
1730128365236	Marionette	INFO	Marionette enabled
1730128365343	Marionette	INFO	Listening on port 50500
WebDriver BiDi listening on ws://127.0.0.1:50490
Read port: 50500
1730128365454	RemoteAgent	WARN	TLS certificate errors will be ignored for this session
JavaScript warning: https://aqicn.org/jscripts-static/leaflet-gl/buildx/prod/map-markers.461b24cb51f7569aeb6e.js, line 2: WebGL context was lost.
JavaScript warning: https://pagead2.googlesyndication.com/bg/xPLRPop0ZkUwi9v6Bg0zxkruvbAgmdzRAosKZiizNiI.js line 2 > eval line 1341 > eval line 1 > eval line 1 > eval, line 1: WEBGL_debug_renderer_info is deprecated in Firefox and will be removed. Please use RENDERER.
JavaScript warning: https://www.googletagmanager.com/gtag/js?id=G-L36G7LYKDK&cx=c&_slc=1, line 144: Script terminated by timeout at:
nb@https://www.googletagmanager.com/gtag/js?id=G-L36G7LYKDK&cx=c&_slc=1:144:128
Tl@https://www.googletagmanager.com/gtag/js?id=G-L36G7LYKDK&cx=c&_slc=1:339:682
Wm@https://www.googletagmanager.com/gtag/js?id=G-L36G7LYKDK&cx=c&_slc=1:349:720
vI/<@https://www.googletagmanager.com/gtag/js?id=G-L36G7LYKDK&cx=c&_slc=1:636:187
h.kl/<@https://www.googletagmanager.com/gtag/js?id=G-L36G7LYKDK&cx=c&_slc=1:578:126
h.kl/c/<@https://www.googletagmanager.com/gtag/js?id=G-L36G7LYKDK&cx=c&_slc=1:577:418

1730128380365	Marionette	INFO	Stopped listening on port 50500
Dynamically enable window occlusion 1
JavaScript error: , line 0: TypeError: NetworkError when attempting to fetch resource.
1730128380796	geckodriver	INFO	Listening on 127.0.0.1:50595
1730128383863	mozrunner::runner	INFO	Running command: "C:\\Program Files\\Mozilla Firefox\\firefox.exe" "--marionette" "--remote-debugging-port" "50596" "--remote-allow-hosts" "localhost" "-no-remote" "-profile" "C:\\Users\\Bidhan\\AppData\\Local\\Temp\\rust_mozprofilerMRlAK"
console.warn: services.settings: Ignoring preference override of remote settings server
console.warn: services.settings: Allow by setting MOZ_REMOTE_SETTINGS_DEVTOOLS=1 in the environment
Dynamically enable window occlusion 0
1730128384132	Marionette	INFO	Marionette enabled
1730128384253	Marionette	INFO	Listening on port 50605
WebDriver BiDi listening on ws://127.0.0.1:50596
Read port: 50605
1730128384368	RemoteAgent	WARN	TLS certificate errors will be ignored for this session
JavaScript warning: https://aqicn.org/jscripts-static/leaflet-gl/buildx/prod/map-markers.461b24cb51f7569aeb6e.js, line 2: WebGL context was lost.
JavaScript warning: https://pagead2.googlesyndication.com/bg/xPLRPop0ZkUwi9v6Bg0zxkruvbAgmdzRAosKZiizNiI.js line 2 > eval line 4426 > eval line 1 > eval line 1 > eval, line 1: WEBGL_debug_renderer_info is deprecated in Firefox and will be removed. Please use RENDERER.
JavaScript warning: https://www.googletagmanager.com/gtag/js?id=G-L36G7LYKDK&cx=c&_slc=1, line 578: Script terminated by timeout at:
h.Th@https://www.googletagmanager.com/gtag/js?id=G-L36G7LYKDK&cx=c&_slc=1:578:487
get@https://www.googletagmanager.com/gtag/js?id=G-L36G7LYKDK&cx=c&_slc=1:577:119
stop@https://www.googletagmanager.com/gtag/js?id=G-L36G7LYKDK&cx=c&_slc=1:577:87
h.kl/c/<@https://www.googletagmanager.com/gtag/js?id=G-L36G7LYKDK&cx=c&_slc=1:577:410

1730128472835	Marionette	INFO	Stopped listening on port 50605
Dynamically enable window occlusion 1
JavaScript error: , line 0: TypeError: NetworkError when attempting to fetch resource.
ort 50715
WebDriver BiDi listening on ws://127.0.0.1:50704
Read port: 50715
1730128419611	RemoteAgent	WARN	TLS certificate errors will be ignored for this session
JavaScript warning: https://aqicn.org/jscripts-static/leaflet-gl/buildx/prod/map-markers.461b24cb51f7569aeb6e.js, line 2: WebGL context was lost.
JavaScript warning: https://pagead2.googlesyndication.com/bg/xPLRPop0ZkUwi9v6Bg0zxkruvbAgmdzRAosKZiizNiI.js line 2 > eval line 675 > eval line 1 > eval line 1 > eval, line 1: WEBGL_debug_renderer_info is deprecated in Firefox and will be removed. Please use RENDERER.
JavaScript warning: https://www.googletagmanager.com/gtag/js?id=G-L36G7LYKDK&cx=c&_slc=1, line 577: Script terminated by timeout at:
get@https://www.googletagmanager.com/gtag/js?id=G-L36G7LYKDK&cx=c&_slc=1:577:119
stop@https://www.googletagmanager.com/gtag/js?id=G-L36G7LYKDK&cx=c&_slc=1:577:87
h.kl/c/<@https://www.googletagmanager.com/gtag/js?id=G-L36G7LYKDK&cx=c&_slc=1:577:410

1730128473378	Marionette	INFO	Stopped listening on port 50715
Dynamically enable window occlusion 1
JavaScript error: , line 0: TypeError: NetworkError when attempting to fetch resource.
JavaScript error: , line 0: TypeError: NetworkError when attempting to fetch resource.
1730128473679	geckodriver	INFO	Listening on 127.0.0.1:50819
1730128476708	mozrunner::runner	INFO	Running command: "C:\\Program Files\\Mozilla Firefox\\firefox.exe" "--marionette" "--remote-debugging-port" "50820" "--remote-allow-hosts" "localhost" "-no-remote" "-profile" "C:\\Users\\Bidhan\\AppData\\Local\\Temp\\rust_mozprofileR2DS2n"
console.warn: services.settings: Ignoring preference override of remote settings server
console.warn: services.settings: Allow by setting MOZ_REMOTE_SETTINGS_DEVTOOLS=1 in the environment
Dynamically enable window occlusion 0
1730128476981	Marionette	INFO	Marionette enabled
1730128477089	Marionette	INFO	Listening on port 50830
WebDriver BiDi listening on ws://127.0.0.1:50820
Read port: 50830
1730128477203	RemoteAgent	WARN	TLS certificate errors will be ignored for this session
JavaScript warning: https://aqicn.org/jscripts-static/leaflet-gl/buildx/prod/map-markers.461b24cb51f7569aeb6e.js, line 2: WebGL context was lost.
JavaScript warning: https://pagead2.googlesyndication.com/bg/xPLRPop0ZkUwi9v6Bg0zxkruvbAgmdzRAosKZiizNiI.js line 2 > eval line 3097 > eval line 1 > eval line 1 > eval, line 1: WEBGL_debug_renderer_info is deprecated in Firefox and will be removed. Please use RENDERER.
JavaScript warning: https://www.googletagmanager.com/gtag/js?id=G-L36G7LYKDK&cx=c&_slc=1, line 578: Script terminated by timeout at:
h.Th@https://www.googletagmanager.com/gtag/js?id=G-L36G7LYKDK&cx=c&_slc=1:578:487
get@https://www.googletagmanager.com/gtag/js?id=G-L36G7LYKDK&cx=c&_slc=1:577:119
stop@https://www.googletagmanager.com/gtag/js?id=G-L36G7LYKDK&cx=c&_slc=1:577:87
h.kl/c/<@https://www.googletagmanager.com/gtag/js?id=G-L36G7LYKDK&cx=c&_slc=1:577:410

1730128784825	Marionette	INFO	Stopped listening on port 50830
Dynamically enable window occlusion 1
JavaScript error: , line 0: TypeError: NetworkError when attempting to fetch resource.
ort 50953
WebDriver BiDi listening on ws://127.0.0.1:50944
Read port: 50953
1730128524165	RemoteAgent	WARN	TLS certificate errors will be ignored for this session
JavaScript warning: https://aqicn.org/jscripts-static/leaflet-gl/buildx/prod/map-markers.461b24cb51f7569aeb6e.js, line 2: WebGL context was lost.
JavaScript warning: https://pagead2.googlesyndication.com/bg/xPLRPop0ZkUwi9v6Bg0zxkruvbAgmdzRAosKZiizNiI.js line 2 > eval line 3193 > eval line 1 > eval line 1 > eval, line 1: WEBGL_debug_renderer_info is deprecated in Firefox and will be removed. Please use RENDERER.
1730128585967	Marionette	INFO	Stopped listening on port 50953
Dynamically enable window occlusion 1
JavaScript error: resource://gre/modules/CaptiveDetect.sys.mjs, line 20: : 
JavaScript error: , line 0: TypeError: NetworkError when attempting to fetch resource.
*** UTM:SVC TimerManager:registerTimer called after profile-before-change notification. Ignoring timer registration for id: telemetry_modules_ping
*** UTM:SVC TimerManager:registerTimer called after profile-before-change notification. Ignoring timer registration for id: telemetry_untrustedmodules_ping
1730128791592	geckodriver	INFO	Listening on 127.0.0.1:51202
1730128794652	mozrunner::runner	INFO	Running command: "C:\\Program Files\\Mozilla Firefox\\firefox.exe" "--marionette" "--remote-debugging-port" "51203" "--remote-allow-hosts" "localhost" "-no-remote" "-profile" "C:\\Users\\Bidhan\\AppData\\Local\\Temp\\rust_mozprofilempf2wF"
console.warn: services.settings: Ignoring preference override of remote settings server
console.warn: services.settings: Allow by setting MOZ_REMOTE_SETTINGS_DEVTOOLS=1 in the environment
Dynamically enable window occlusion 0
1730128794947	Marionette	INFO	Marionette enabled
1730128795054	Marionette	INFO	Listening on port 51212
Read port: 51212
WebDriver BiDi listening on ws://127.0.0.1:51203
1730128795118	RemoteAgent	WARN	TLS certificate errors will be ignored for this session
JavaScript warning: https://aqicn.org/jscripts-static/leaflet-gl/buildx/prod/map-markers.461b24cb51f7569aeb6e.js, line 2: WebGL context was lost.
JavaScript warning: https://pagead2.googlesyndication.com/bg/xPLRPop0ZkUwi9v6Bg0zxkruvbAgmdzRAosKZiizNiI.js line 2 > eval line 4964 > eval line 1 > eval line 1 > eval, line 1: WEBGL_debug_renderer_info is deprecated in Firefox and will be removed. Please use RENDERER.
JavaScript warning: https://www.googletagmanager.com/gtag/js?id=G-L36G7LYKDK&cx=c&_slc=1, line 578: Script terminated by timeout at:
h.Th@https://www.googletagmanager.com/gtag/js?id=G-L36G7LYKDK&cx=c&_slc=1:578:487
get@https://www.googletagmanager.com/gtag/js?id=G-L36G7LYKDK&cx=c&_slc=1:577:119
stop@https://www.googletagmanager.com/gtag/js?id=G-L36G7LYKDK&cx=c&_slc=1:577:87
h.kl/c/<@https://www.googletagmanager.com/gtag/js?id=G-L36G7LYKDK&cx=c&_slc=1:577:410

1730129440418	Marionette	INFO	Stopped listening on port 51212
Dynamically enable window occlusion 1
JavaScript error: , line 0: TypeError: NetworkError when attempting to fetch resource.
1730129457210	geckodriver	INFO	Listening on 127.0.0.1:51789
1730129460284	mozrunner::runner	INFO	Running command: "C:\\Program Files\\Mozilla Firefox\\firefox.exe" "--marionette" "--remote-debugging-port" "51790" "--remote-allow-hosts" "localhost" "-no-remote" "-profile" "C:\\Users\\Bidhan\\AppData\\Local\\Temp\\rust_mozprofilei8eFsX"
console.warn: services.settings: Ignoring preference override of remote settings server
console.warn: services.settings: Allow by setting MOZ_REMOTE_SETTINGS_DEVTOOLS=1 in the environment
Dynamically enable window occlusion 0
1730129460563	Marionette	INFO	Marionette enabled
1730129460668	Marionette	INFO	Listening on port 51799
WebDriver BiDi listening on ws://127.0.0.1:51790
Read port: 51799
1730129460775	RemoteAgent	WARN	TLS certificate errors will be ignored for this session
JavaScript warning: https://aqicn.org/jscripts-static/leaflet-gl/buildx/prod/map-markers.461b24cb51f7569aeb6e.js, line 2: WebGL context was lost.
JavaScript warning: https://pagead2.googlesyndication.com/bg/xPLRPop0ZkUwi9v6Bg0zxkruvbAgmdzRAosKZiizNiI.js line 2 > eval line 56 > eval line 1 > eval line 1 > eval, line 1: WEBGL_debug_renderer_info is deprecated in Firefox and will be removed. Please use RENDERER.
JavaScript warning: https://www.googletagmanager.com/gtag/js?id=G-L36G7LYKDK&cx=c&_slc=1, line 579: Script terminated by timeout at:
h.Th@https://www.googletagmanager.com/gtag/js?id=G-L36G7LYKDK&cx=c&_slc=1:579:30
get@https://www.googletagmanager.com/gtag/js?id=G-L36G7LYKDK&cx=c&_slc=1:577:119
stop@https://www.googletagmanager.com/gtag/js?id=G-L36G7LYKDK&cx=c&_slc=1:577:87
h.kl/c/<@https://www.googletagmanager.com/gtag/js?id=G-L36G7LYKDK&cx=c&_slc=1:577:410

1730129547995	Marionette	INFO	Stopped listening on port 51799
Dynamically enable window occlusion 1
JavaScript error: , line 0: TypeError: NetworkError when attempting to fetch resource.
1730129548654	geckodriver	INFO	Listening on 127.0.0.1:51927
1730129551709	mozrunner::runner	INFO	Running command: "C:\\Program Files\\Mozilla Firefox\\firefox.exe" "--marionette" "--remote-debugging-port" "51928" "--remote-allow-hosts" "localhost" "-no-remote" "-profile" "C:\\Users\\Bidhan\\AppData\\Local\\Temp\\rust_mozprofile9MyUX4"
console.warn: services.settings: Ignoring preference override of remote settings server
console.warn: services.settings: Allow by setting MOZ_REMOTE_SETTINGS_DEVTOOLS=1 in the environment
Dynamically enable window occlusion 0
1730129551976	Marionette	INFO	Marionette enabled
1730129552104	Marionette	INFO	Listening on port 51942
Read port: 51942
WebDriver BiDi listening on ws://127.0.0.1:51928
1730129552191	RemoteAgent	WARN	TLS certificate errors will be ignored for this session
JavaScript warning: https://aqicn.org/jscripts-static/leaflet-gl/buildx/prod/map-markers.461b24cb51f7569aeb6e.js, line 2: WebGL context was lost.
JavaScript warning: https://pagead2.googlesyndication.com/bg/xPLRPop0ZkUwi9v6Bg0zxkruvbAgmdzRAosKZiizNiI.js line 2 > eval line 6983 > eval line 1 > eval line 1 > eval, line 1: WEBGL_debug_renderer_info is deprecated in Firefox and will be removed. Please use RENDERER.
JavaScript warning: https://www.googletagmanager.com/gtag/js?id=G-L36G7LYKDK&cx=c&_slc=1, line 578: Script terminated by timeout at:
h.Th@https://www.googletagmanager.com/gtag/js?id=G-L36G7LYKDK&cx=c&_slc=1:578:487
get@https://www.googletagmanager.com/gtag/js?id=G-L36G7LYKDK&cx=c&_slc=1:577:119
stop@https://www.googletagmanager.com/gtag/js?id=G-L36G7LYKDK&cx=c&_slc=1:577:87
h.kl/c/<@https://www.googletagmanager.com/gtag/js?id=G-L36G7LYKDK&cx=c&_slc=1:577:410

1730129739215	Marionette	INFO	Stopped listening on port 51942
Dynamically enable window occlusion 1
JavaScript error: , line 0: TypeError: NetworkError when attempting to fetch resource.
1730129756152	geckodriver	INFO	Listening on 127.0.0.1:63452
1730129759214	mozrunner::runner	INFO	Running command: "C:\\Program Files\\Mozilla Firefox\\firefox.exe" "--marionette" "--remote-debugging-port" "63453" "--remote-allow-hosts" "localhost" "-no-remote" "-profile" "C:\\Users\\Bidhan\\AppData\\Local\\Temp\\rust_mozprofileSbvP2C"
console.warn: services.settings: Ignoring preference override of remote settings server
console.warn: services.settings: Allow by setting MOZ_REMOTE_SETTINGS_DEVTOOLS=1 in the environment
Dynamically enable window occlusion 0
1730129759515	Marionette	INFO	Marionette enabled
1730129759649	Marionette	INFO	Listening on port 63475
WebDriver BiDi listening on ws://127.0.0.1:63453
Read port: 63475
1730129759817	RemoteAgent	WARN	TLS certificate errors will be ignored for this session
JavaScript warning: https://aqicn.org/jscripts-static/leaflet-gl/buildx/prod/map-markers.461b24cb51f7569aeb6e.js, line 2: WebGL context was lost.
JavaScript warning: https://pagead2.googlesyndication.com/bg/xPLRPop0ZkUwi9v6Bg0zxkruvbAgmdzRAosKZiizNiI.js line 2 > eval line 5726 > eval line 1 > eval line 1 > eval, line 1: WEBGL_debug_renderer_info is deprecated in Firefox and will be removed. Please use RENDERER.
JavaScript warning: https://www.googletagmanager.com/gtag/js?id=G-L36G7LYKDK&cx=c&_slc=1, line 578: Script terminated by timeout at:
h.Th@https://www.googletagmanager.com/gtag/js?id=G-L36G7LYKDK&cx=c&_slc=1:578:487
get@https://www.googletagmanager.com/gtag/js?id=G-L36G7LYKDK&cx=c&_slc=1:577:119
stop@https://www.googletagmanager.com/gtag/js?id=G-L36G7LYKDK&cx=c&_slc=1:577:87
h.kl/c/<@https://www.googletagmanager.com/gtag/js?id=G-L36G7LYKDK&cx=c&_slc=1:577:410

1730130648200	Marionette	INFO	Stopped listening on port 63475
Dynamically enable window occlusion 1
JavaScript error: , line 0: TypeError: NetworkError when attempting to fetch resource.
ort 64063
WebDriver BiDi listening on ws://127.0.0.1:64053
Read port: 64063
1730130509018	RemoteAgent	WARN	TLS certificate errors will be ignored for this session
JavaScript warning: https://aqicn.org/jscripts-static/leaflet-gl/buildx/prod/map-markers.461b24cb51f7569aeb6e.js, line 2: WebGL context was lost.
JavaScript warning: https://pagead2.googlesyndication.com/bg/xPLRPop0ZkUwi9v6Bg0zxkruvbAgmdzRAosKZiizNiI.js line 2 > eval line 5924 > eval line 1 > eval line 1 > eval, line 1: WEBGL_debug_renderer_info is deprecated in Firefox and will be removed. Please use RENDERER.
JavaScript warning: https://www.googletagmanager.com/gtag/js?id=G-L36G7LYKDK&cx=c&_slc=1, line 578: Script terminated by timeout at:
h.Th@https://www.googletagmanager.com/gtag/js?id=G-L36G7LYKDK&cx=c&_slc=1:578:487
get@https://www.googletagmanager.com/gtag/js?id=G-L36G7LYKDK&cx=c&_slc=1:577:119
stop@https://www.googletagmanager.com/gtag/js?id=G-L36G7LYKDK&cx=c&_slc=1:577:87
h.kl/c/<@https://www.googletagmanager.com/gtag/js?id=G-L36G7LYKDK&cx=c&_slc=1:577:410

1730130649204	Marionette	INFO	Stopped listening on port 64063
Dynamically enable window occlusion 1
JavaScript error: , line 0: TypeError: NetworkError when attempting to fetch resource.
JavaScript error: , line 0: TypeError: NetworkError when attempting to fetch resource.
1730130794049	geckodriver	INFO	Listening on 127.0.0.1:64318
1730130797108	mozrunner::runner	INFO	Running command: "C:\\Program Files\\Mozilla Firefox\\firefox.exe" "--marionette" "--remote-debugging-port" "64319" "--remote-allow-hosts" "localhost" "-no-remote" "-profile" "C:\\Users\\Bidhan\\AppData\\Local\\Temp\\rust_mozprofilewbPate"
console.warn: services.settings: Ignoring preference override of remote settings server
console.warn: services.settings: Allow by setting MOZ_REMOTE_SETTINGS_DEVTOOLS=1 in the environment
Dynamically enable window occlusion 0
1730130797381	Marionette	INFO	Marionette enabled
1730130797497	Marionette	INFO	Listening on port 64331
WebDriver BiDi listening on ws://127.0.0.1:64319
Read port: 64331
1730130797612	RemoteAgent	WARN	TLS certificate errors will be ignored for this session
JavaScript warning: https://aqicn.org/jscripts-static/leaflet-gl/buildx/prod/map-markers.461b24cb51f7569aeb6e.js, line 2: WebGL context was lost.
JavaScript warning: https://pagead2.googlesyndication.com/bg/xPLRPop0ZkUwi9v6Bg0zxkruvbAgmdzRAosKZiizNiI.js line 2 > eval line 7775 > eval line 1 > eval line 1 > eval, line 1: WEBGL_debug_renderer_info is deprecated in Firefox and will be removed. Please use RENDERER.
JavaScript warning: https://www.googletagmanager.com/gtag/js?id=G-L36G7LYKDK&cx=c&_slc=1, line 578: Script terminated by timeout at:
h.Th@https://www.googletagmanager.com/gtag/js?id=G-L36G7LYKDK&cx=c&_slc=1:578:487
get@https://www.googletagmanager.com/gtag/js?id=G-L36G7LYKDK&cx=c&_slc=1:577:119
stop@https://www.googletagmanager.com/gtag/js?id=G-L36G7LYKDK&cx=c&_slc=1:577:87
h.kl/c/<@https://www.googletagmanager.com/gtag/js?id=G-L36G7LYKDK&cx=c&_slc=1:577:410

1730130880229	Marionette	INFO	Stopped listening on port 64331
Dynamically enable window occlusion 1
JavaScript error: , line 0: TypeError: NetworkError when attempting to fetch resource.
ort 64436
WebDriver BiDi listening on ws://127.0.0.1:64426
Read port: 64436
1730130824596	RemoteAgent	WARN	TLS certificate errors will be ignored for this session
JavaScript warning: https://aqicn.org/jscripts-static/leaflet-gl/buildx/prod/map-markers.461b24cb51f7569aeb6e.js, line 2: WebGL context was lost.
JavaScript warning: https://pagead2.googlesyndication.com/bg/xPLRPop0ZkUwi9v6Bg0zxkruvbAgmdzRAosKZiizNiI.js line 2 > eval line 3872 > eval line 1 > eval line 1 > eval, line 1: WEBGL_debug_renderer_info is deprecated in Firefox and will be removed. Please use RENDERER.
JavaScript warning: https://www.googletagmanager.com/gtag/js?id=G-L36G7LYKDK&cx=c&_slc=1, line 578: Script terminated by timeout at:
h.Th@https://www.googletagmanager.com/gtag/js?id=G-L36G7LYKDK&cx=c&_slc=1:578:487
get@https://www.googletagmanager.com/gtag/js?id=G-L36G7LYKDK&cx=c&_slc=1:577:119
stop@https://www.googletagmanager.com/gtag/js?id=G-L36G7LYKDK&cx=c&_slc=1:577:87
h.kl/c/<@https://www.googletagmanager.com/gtag/js?id=G-L36G7LYKDK&cx=c&_slc=1:577:410

1730130880882	Marionette	INFO	Stopped listening on port 64436
Dynamically enable window occlusion 1
JavaScript error: , line 0: TypeError: NetworkError when attempting to fetch resource.
